c:\git\emuv40\emuv40\x64\debug\vc143.pdb
c:\git\emuv40\emuv40\x64\debug\vc143.idb
c:\git\emuv40\emuv40\x64\debug\pit.obj
c:\git\emuv40\emuv40\x64\debug\parsecl.obj
c:\git\emuv40\emuv40\x64\debug\old_main.obj
c:\git\emuv40\emuv40\x64\debug\menus.obj
c:\git\emuv40\emuv40\x64\debug\main.obj
c:\git\emuv40\emuv40\x64\debug\machine.obj
c:\git\emuv40\emuv40\x64\debug\kb.obj
c:\git\emuv40\emuv40\x64\debug\joystick.obj
c:\git\emuv40\emuv40\x64\debug\i8259.obj
c:\git\emuv40\emuv40\x64\debug\i8255.obj
c:\git\emuv40\emuv40\x64\debug\i8253.obj
c:\git\emuv40\emuv40\x64\debug\gamepad.obj
c:\git\emuv40\emuv40\x64\debug\fdc.obj
c:\git\emuv40\emuv40\x64\debug\f18a.obj
c:\git\emuv40\emuv40\x64\debug\drive.obj
c:\git\emuv40\emuv40\x64\debug\disasm.obj
c:\git\emuv40\emuv40\x64\debug\debug.obj
c:\git\emuv40\emuv40\x64\debug\cpu.obj
c:\git\emuv40\emuv40\x64\debug\console.obj
c:\git\emuv40\emuv40\x64\debug\ay8910.obj
c:\git\emuv40\emuv40\x64\debug\vera_old.obj
c:\git\emuv40\emuv40\x64\debug\vera.obj
c:\git\emuv40\emuv40\x64\debug\v40io.obj
c:\git\emuv40\emuv40\x64\debug\tms9918a.obj
c:\git\emuv40\emuv40\x64\debug\timing.obj
c:\git\emuv40\emuv40\x64\debug\ppu_old.obj
c:\git\emuv40\emuv40\x64\debug\ppu.obj
c:\git\emuv40\emuv40\x64\debug\ports.obj
c:\git\emuv40\x64\debug\emuv40.exe
c:\git\emuv40\x64\debug\emuv40.pdb
c:\git\emuv40\emuv40\x64\debug\emuv40.ilk
c:\git\emuv40\emuv40\x64\debug\emuv40.tlog\cl.command.1.tlog
c:\git\emuv40\emuv40\x64\debug\emuv40.tlog\cl.items.tlog
c:\git\emuv40\emuv40\x64\debug\emuv40.tlog\cl.read.1.tlog
c:\git\emuv40\emuv40\x64\debug\emuv40.tlog\cl.write.1.tlog
c:\git\emuv40\emuv40\x64\debug\emuv40.tlog\link.command.1.tlog
c:\git\emuv40\emuv40\x64\debug\emuv40.tlog\link.read.1.tlog
c:\git\emuv40\emuv40\x64\debug\emuv40.tlog\link.secondary.1.tlog
c:\git\emuv40\emuv40\x64\debug\emuv40.tlog\link.write.1.tlog
